<?xml version="1.0" encoding="UTF-8"?>
<testsuite xmlns:xsi="http://www.w3.org/2001/XMLSchema-instance" xsi:noNamespaceSchemaLocation="https://maven.apache.org/surefire/maven-surefire-plugin/xsd/surefire-test-report.xsd" name="com.aws.vokunev.catalog.data.ProductDataAccessorTest" time="6.408" tests="3" errors="0" skipped="0" failures="0">
  <properties>
    <property name="java.specification.version" value="13"/>
    <property name="sun.jnu.encoding" value="UTF-8"/>
    <property name="java.class.path" value="/Users/vokunev/demo/codepipeline/ProductCatalogJava/target/test-classes:/Users/vokunev/demo/codepipeline/ProductCatalogJava/target/classes:/Users/vokunev/.m2/repository/com/amazonaws/aws-java-sdk-dynamodb/1.11.509/aws-java-sdk-dynamodb-1.11.509.jar:/Users/vokunev/.m2/repository/com/amazonaws/aws-java-sdk-s3/1.11.509/aws-java-sdk-s3-1.11.509.jar:/Users/vokunev/.m2/repository/com/amazonaws/aws-java-sdk-kms/1.11.509/aws-java-sdk-kms-1.11.509.jar:/Users/vokunev/.m2/repository/com/amazonaws/aws-java-sdk-core/1.11.509/aws-java-sdk-core-1.11.509.jar:/Users/vokunev/.m2/repository/software/amazon/ion/ion-java/1.0.2/ion-java-1.0.2.jar:/Users/vokunev/.m2/repository/com/fasterxml/jackson/core/jackson-databind/2.6.7.2/jackson-databind-2.6.7.2.jar:/Users/vokunev/.m2/repository/com/fasterxml/jackson/core/jackson-annotations/2.6.0/jackson-annotations-2.6.0.jar:/Users/vokunev/.m2/repository/com/fasterxml/jackson/core/jackson-core/2.6.7/jackson-core-2.6.7.jar:/Users/vokunev/.m2/repository/com/fasterxml/jackson/dataformat/jackson-dataformat-cbor/2.6.7/jackson-dataformat-cbor-2.6.7.jar:/Users/vokunev/.m2/repository/joda-time/joda-time/2.8.1/joda-time-2.8.1.jar:/Users/vokunev/.m2/repository/com/amazonaws/jmespath-java/1.11.509/jmespath-java-1.11.509.jar:/Users/vokunev/.m2/repository/javax/servlet/javax.servlet-api/4.0.1/javax.servlet-api-4.0.1.jar:/Users/vokunev/.m2/repository/javax/servlet/jstl/1.2/jstl-1.2.jar:/Users/vokunev/.m2/repository/org/junit/jupiter/junit-jupiter-api/5.2.0/junit-jupiter-api-5.2.0.jar:/Users/vokunev/.m2/repository/org/apiguardian/apiguardian-api/1.0.0/apiguardian-api-1.0.0.jar:/Users/vokunev/.m2/repository/org/opentest4j/opentest4j/1.1.0/opentest4j-1.1.0.jar:/Users/vokunev/.m2/repository/org/junit/platform/junit-platform-commons/1.2.0/junit-platform-commons-1.2.0.jar:/Users/vokunev/.m2/repository/org/junit/jupiter/junit-jupiter-engine/5.2.0/junit-jupiter-engine-5.2.0.jar:/Users/vokunev/.m2/repository/org/junit/platform/junit-platform-engine/1.2.0/junit-platform-engine-1.2.0.jar:/Users/vokunev/.m2/repository/org/junit/platform/junit-platform-launcher/1.2.0/junit-platform-launcher-1.2.0.jar:/Users/vokunev/.m2/repository/org/junit/platform/junit-platform-runner/1.2.0/junit-platform-runner-1.2.0.jar:/Users/vokunev/.m2/repository/org/junit/platform/junit-platform-suite-api/1.2.0/junit-platform-suite-api-1.2.0.jar:/Users/vokunev/.m2/repository/junit/junit/4.12/junit-4.12.jar:/Users/vokunev/.m2/repository/org/hamcrest/hamcrest-core/1.3/hamcrest-core-1.3.jar:/Users/vokunev/.m2/repository/com/amazonaws/DynamoDBLocal/1.9.33/DynamoDBLocal-1.9.33.jar:/Users/vokunev/.m2/repository/org/antlr/antlr4-runtime/4.1/antlr4-runtime-4.1.jar:/Users/vokunev/.m2/repository/org/abego/treelayout/org.abego.treelayout.core/1.0.1/org.abego.treelayout.core-1.0.1.jar:/Users/vokunev/.m2/repository/commons-cli/commons-cli/1.2/commons-cli-1.2.jar:/Users/vokunev/.m2/repository/org/apache/commons/commons-lang3/3.3.2/commons-lang3-3.3.2.jar:/Users/vokunev/.m2/repository/com/almworks/sqlite4java/sqlite4java/1.0.392/sqlite4java-1.0.392.jar:/Users/vokunev/.m2/repository/org/apache/logging/log4j/log4j-api/2.1/log4j-api-2.1.jar:/Users/vokunev/.m2/repository/org/apache/logging/log4j/log4j-core/2.1/log4j-core-2.1.jar:/Users/vokunev/.m2/repository/org/eclipse/jetty/jetty-client/8.1.12.v20130726/jetty-client-8.1.12.v20130726.jar:/Users/vokunev/.m2/repository/org/eclipse/jetty/jetty-http/8.1.12.v20130726/jetty-http-8.1.12.v20130726.jar:/Users/vokunev/.m2/repository/org/eclipse/jetty/jetty-io/8.1.12.v20130726/jetty-io-8.1.12.v20130726.jar:/Users/vokunev/.m2/repository/org/eclipse/jetty/jetty-util/8.1.12.v20130726/jetty-util-8.1.12.v20130726.jar:/Users/vokunev/.m2/repository/org/eclipse/jetty/jetty-server/8.1.12.v20130726/jetty-server-8.1.12.v20130726.jar:/Users/vokunev/.m2/repository/org/eclipse/jetty/orbit/javax.servlet/3.0.0.v201112011016/javax.servlet-3.0.0.v201112011016.jar:/Users/vokunev/.m2/repository/org/eclipse/jetty/jetty-continuation/8.1.12.v20130726/jetty-continuation-8.1.12.v20130726.jar:/Users/vokunev/.m2/repository/org/mockito/mockito-core/1.10.19/mockito-core-1.10.19.jar:/Users/vokunev/.m2/repository/org/objenesis/objenesis/2.1/objenesis-2.1.jar:/Users/vokunev/.m2/repository/org/apache/httpcomponents/httpclient/4.5.10/httpclient-4.5.10.jar:/Users/vokunev/.m2/repository/org/apache/httpcomponents/httpcore/4.4.12/httpcore-4.4.12.jar:/Users/vokunev/.m2/repository/commons-logging/commons-logging/1.2/commons-logging-1.2.jar:/Users/vokunev/.m2/repository/commons-codec/commons-codec/1.11/commons-codec-1.11.jar:/Users/vokunev/.m2/repository/com/jayway/jsonpath/json-path/2.4.0/json-path-2.4.0.jar:/Users/vokunev/.m2/repository/net/minidev/json-smart/2.3/json-smart-2.3.jar:/Users/vokunev/.m2/repository/net/minidev/accessors-smart/1.2/accessors-smart-1.2.jar:/Users/vokunev/.m2/repository/org/ow2/asm/asm/5.0.4/asm-5.0.4.jar:/Users/vokunev/.m2/repository/org/slf4j/slf4j-api/1.7.30/slf4j-api-1.7.30.jar:/Users/vokunev/.m2/repository/org/slf4j/slf4j-log4j12/1.7.30/slf4j-log4j12-1.7.30.jar:/Users/vokunev/.m2/repository/log4j/log4j/1.2.17/log4j-1.2.17.jar:"/>
    <property name="java.vm.vendor" value="Oracle Corporation"/>
    <property name="sun.arch.data.model" value="64"/>
    <property name="java.vendor.url" value="https://java.oracle.com/"/>
    <property name="os.name" value="Mac OS X"/>
    <property name="java.vm.specification.version" value="13"/>
    <property name="sun.java.launcher" value="SUN_STANDARD"/>
    <property name="user.country" value="CA"/>
    <property name="sun.boot.library.path" value="/Library/Java/JavaVirtualMachines/openjdk-13.0.1.jdk/Contents/Home/lib"/>
    <property name="sun.java.command" value="/Users/vokunev/demo/codepipeline/ProductCatalogJava/target/surefire/surefirebooter7373208456398930137.jar /Users/vokunev/demo/codepipeline/ProductCatalogJava/target/surefire 2020-06-22T23-36-28_232-jvmRun1 surefire18014846864000052464tmp surefire_02651019026546378919tmp"/>
    <property name="jdk.debug" value="release"/>
    <property name="surefire.test.class.path" value="/Users/vokunev/demo/codepipeline/ProductCatalogJava/target/test-classes:/Users/vokunev/demo/codepipeline/ProductCatalogJava/target/classes:/Users/vokunev/.m2/repository/com/amazonaws/aws-java-sdk-dynamodb/1.11.509/aws-java-sdk-dynamodb-1.11.509.jar:/Users/vokunev/.m2/repository/com/amazonaws/aws-java-sdk-s3/1.11.509/aws-java-sdk-s3-1.11.509.jar:/Users/vokunev/.m2/repository/com/amazonaws/aws-java-sdk-kms/1.11.509/aws-java-sdk-kms-1.11.509.jar:/Users/vokunev/.m2/repository/com/amazonaws/aws-java-sdk-core/1.11.509/aws-java-sdk-core-1.11.509.jar:/Users/vokunev/.m2/repository/software/amazon/ion/ion-java/1.0.2/ion-java-1.0.2.jar:/Users/vokunev/.m2/repository/com/fasterxml/jackson/core/jackson-databind/2.6.7.2/jackson-databind-2.6.7.2.jar:/Users/vokunev/.m2/repository/com/fasterxml/jackson/core/jackson-annotations/2.6.0/jackson-annotations-2.6.0.jar:/Users/vokunev/.m2/repository/com/fasterxml/jackson/core/jackson-core/2.6.7/jackson-core-2.6.7.jar:/Users/vokunev/.m2/repository/com/fasterxml/jackson/dataformat/jackson-dataformat-cbor/2.6.7/jackson-dataformat-cbor-2.6.7.jar:/Users/vokunev/.m2/repository/joda-time/joda-time/2.8.1/joda-time-2.8.1.jar:/Users/vokunev/.m2/repository/com/amazonaws/jmespath-java/1.11.509/jmespath-java-1.11.509.jar:/Users/vokunev/.m2/repository/javax/servlet/javax.servlet-api/4.0.1/javax.servlet-api-4.0.1.jar:/Users/vokunev/.m2/repository/javax/servlet/jstl/1.2/jstl-1.2.jar:/Users/vokunev/.m2/repository/org/junit/jupiter/junit-jupiter-api/5.2.0/junit-jupiter-api-5.2.0.jar:/Users/vokunev/.m2/repository/org/apiguardian/apiguardian-api/1.0.0/apiguardian-api-1.0.0.jar:/Users/vokunev/.m2/repository/org/opentest4j/opentest4j/1.1.0/opentest4j-1.1.0.jar:/Users/vokunev/.m2/repository/org/junit/platform/junit-platform-commons/1.2.0/junit-platform-commons-1.2.0.jar:/Users/vokunev/.m2/repository/org/junit/jupiter/junit-jupiter-engine/5.2.0/junit-jupiter-engine-5.2.0.jar:/Users/vokunev/.m2/repository/org/junit/platform/junit-platform-engine/1.2.0/junit-platform-engine-1.2.0.jar:/Users/vokunev/.m2/repository/org/junit/platform/junit-platform-launcher/1.2.0/junit-platform-launcher-1.2.0.jar:/Users/vokunev/.m2/repository/org/junit/platform/junit-platform-runner/1.2.0/junit-platform-runner-1.2.0.jar:/Users/vokunev/.m2/repository/org/junit/platform/junit-platform-suite-api/1.2.0/junit-platform-suite-api-1.2.0.jar:/Users/vokunev/.m2/repository/junit/junit/4.12/junit-4.12.jar:/Users/vokunev/.m2/repository/org/hamcrest/hamcrest-core/1.3/hamcrest-core-1.3.jar:/Users/vokunev/.m2/repository/com/amazonaws/DynamoDBLocal/1.9.33/DynamoDBLocal-1.9.33.jar:/Users/vokunev/.m2/repository/org/antlr/antlr4-runtime/4.1/antlr4-runtime-4.1.jar:/Users/vokunev/.m2/repository/org/abego/treelayout/org.abego.treelayout.core/1.0.1/org.abego.treelayout.core-1.0.1.jar:/Users/vokunev/.m2/repository/commons-cli/commons-cli/1.2/commons-cli-1.2.jar:/Users/vokunev/.m2/repository/org/apache/commons/commons-lang3/3.3.2/commons-lang3-3.3.2.jar:/Users/vokunev/.m2/repository/com/almworks/sqlite4java/sqlite4java/1.0.392/sqlite4java-1.0.392.jar:/Users/vokunev/.m2/repository/org/apache/logging/log4j/log4j-api/2.1/log4j-api-2.1.jar:/Users/vokunev/.m2/repository/org/apache/logging/log4j/log4j-core/2.1/log4j-core-2.1.jar:/Users/vokunev/.m2/repository/org/eclipse/jetty/jetty-client/8.1.12.v20130726/jetty-client-8.1.12.v20130726.jar:/Users/vokunev/.m2/repository/org/eclipse/jetty/jetty-http/8.1.12.v20130726/jetty-http-8.1.12.v20130726.jar:/Users/vokunev/.m2/repository/org/eclipse/jetty/jetty-io/8.1.12.v20130726/jetty-io-8.1.12.v20130726.jar:/Users/vokunev/.m2/repository/org/eclipse/jetty/jetty-util/8.1.12.v20130726/jetty-util-8.1.12.v20130726.jar:/Users/vokunev/.m2/repository/org/eclipse/jetty/jetty-server/8.1.12.v20130726/jetty-server-8.1.12.v20130726.jar:/Users/vokunev/.m2/repository/org/eclipse/jetty/orbit/javax.servlet/3.0.0.v201112011016/javax.servlet-3.0.0.v201112011016.jar:/Users/vokunev/.m2/repository/org/eclipse/jetty/jetty-continuation/8.1.12.v20130726/jetty-continuation-8.1.12.v20130726.jar:/Users/vokunev/.m2/repository/org/mockito/mockito-core/1.10.19/mockito-core-1.10.19.jar:/Users/vokunev/.m2/repository/org/objenesis/objenesis/2.1/objenesis-2.1.jar:/Users/vokunev/.m2/repository/org/apache/httpcomponents/httpclient/4.5.10/httpclient-4.5.10.jar:/Users/vokunev/.m2/repository/org/apache/httpcomponents/httpcore/4.4.12/httpcore-4.4.12.jar:/Users/vokunev/.m2/repository/commons-logging/commons-logging/1.2/commons-logging-1.2.jar:/Users/vokunev/.m2/repository/commons-codec/commons-codec/1.11/commons-codec-1.11.jar:/Users/vokunev/.m2/repository/com/jayway/jsonpath/json-path/2.4.0/json-path-2.4.0.jar:/Users/vokunev/.m2/repository/net/minidev/json-smart/2.3/json-smart-2.3.jar:/Users/vokunev/.m2/repository/net/minidev/accessors-smart/1.2/accessors-smart-1.2.jar:/Users/vokunev/.m2/repository/org/ow2/asm/asm/5.0.4/asm-5.0.4.jar:/Users/vokunev/.m2/repository/org/slf4j/slf4j-api/1.7.30/slf4j-api-1.7.30.jar:/Users/vokunev/.m2/repository/org/slf4j/slf4j-log4j12/1.7.30/slf4j-log4j12-1.7.30.jar:/Users/vokunev/.m2/repository/log4j/log4j/1.2.17/log4j-1.2.17.jar:"/>
    <property name="sun.cpu.endian" value="little"/>
    <property name="user.home" value="/Users/vokunev"/>
    <property name="user.language" value="en"/>
    <property name="java.specification.vendor" value="Oracle Corporation"/>
    <property name="java.version.date" value="2019-10-15"/>
    <property name="java.home" value="/Library/Java/JavaVirtualMachines/openjdk-13.0.1.jdk/Contents/Home"/>
    <property name="file.separator" value="/"/>
    <property name="basedir" value="/Users/vokunev/demo/codepipeline/ProductCatalogJava"/>
    <property name="java.vm.compressedOopsMode" value="Zero based"/>
    <property name="line.separator" value="&#10;"/>
    <property name="java.vm.specification.vendor" value="Oracle Corporation"/>
    <property name="java.specification.name" value="Java Platform API Specification"/>
    <property name="surefire.real.class.path" value="/Users/vokunev/demo/codepipeline/ProductCatalogJava/target/surefire/surefirebooter7373208456398930137.jar"/>
    <property name="sun.management.compiler" value="HotSpot 64-Bit Tiered Compilers"/>
    <property name="java.runtime.version" value="13.0.1+9"/>
    <property name="user.name" value="vokunev"/>
    <property name="path.separator" value=":"/>
    <property name="os.version" value="10.14.6"/>
    <property name="java.runtime.name" value="OpenJDK Runtime Environment"/>
    <property name="file.encoding" value="UTF-8"/>
    <property name="java.vm.name" value="OpenJDK 64-Bit Server VM"/>
    <property name="localRepository" value="/Users/vokunev/.m2/repository"/>
    <property name="java.vendor.url.bug" value="https://bugreport.java.com/bugreport/"/>
    <property name="java.io.tmpdir" value="/var/folders/hz/mh4pwtrs5j3869vsljhg3lxc3yk0kv/T/"/>
    <property name="java.version" value="13.0.1"/>
    <property name="user.dir" value="/Users/vokunev/demo/codepipeline/ProductCatalogJava"/>
    <property name="os.arch" value="x86_64"/>
    <property name="java.vm.specification.name" value="Java Virtual Machine Specification"/>
    <property name="java.library.path" value="/Users/vokunev/Library/Java/Extensions:/Library/Java/Extensions:/Network/Library/Java/Extensions:/System/Library/Java/Extensions:/usr/lib/java:."/>
    <property name="java.vm.info" value="mixed mode, sharing"/>
    <property name="java.vendor" value="Oracle Corporation"/>
    <property name="java.vm.version" value="13.0.1+9"/>
    <property name="sun.io.unicode.encoding" value="UnicodeBig"/>
    <property name="java.class.version" value="57.0"/>
  </properties>
  <testcase name="testProductCatalog" classname="com.aws.vokunev.catalog.data.ProductDataAccessorTest" time="5.892"/>
  <testcase name="testExistingProduct" classname="com.aws.vokunev.catalog.data.ProductDataAccessorTest" time="0.336"/>
  <testcase name="testNonexistingProduct" classname="com.aws.vokunev.catalog.data.ProductDataAccessorTest" time="0.171"/>
</testsuite>